[2026-03-07T10:53:30.232819+00:00] workeddy.ERROR: request_failed {"path":"/api/v1/org/settings","method":"GET","error":"An exception occurred while executing a query: SQLSTATE[42S22]: Column not found: 1054 Unknown column 'settings' in 'field list'"} []
[2026-03-08T03:37:10.616599+00:00] workeddy.ERROR: request_failed {"path":"/api/v1/auth/login","method":"POST","error":"Too few arguments to function WorkEddy\\Middleware\\RateLimitMiddleware::__construct(), 0 passed in /var/www/html/public/index.php on line 63 and exactly 1 expected"} []
[2026-03-08T03:39:20.494446+00:00] workeddy.ERROR: request_failed {"path":"/api/v1/auth/login","method":"POST","error":"Invalid credentials"} []
[2026-03-08T03:43:56.314144+00:00] workeddy.ERROR: request_failed {"path":"/api/v1/auth/login","method":"POST","error":"Invalid credentials"} []
[2026-03-08T03:44:20.600181+00:00] workeddy.ERROR: request_failed {"path":"/api/v1/scans","method":"GET","error":"Interface \"WorkEddy\\Contracts\\QueueInterface\" not found"} []
[2026-03-08T03:45:24.340239+00:00] workeddy.ERROR: request_failed {"path":"/api/v1/scans","method":"GET","error":"An exception occurred while executing a query: SQLSTATE[42S22]: Column not found: 1054 Unknown column 'sr.algorithm_version' in 'field list'"} []
[2026-03-08T03:47:10.998970+00:00] workeddy.ERROR: request_failed {"path":"/api/v1/scans","method":"GET","error":"An exception occurred while executing a query: SQLSTATE[42S22]: Column not found: 1054 Unknown column 'sr.algorithm_version' in 'field list'"} []
[2026-03-08T03:47:46.203949+00:00] workeddy.ERROR: request_failed {"path":"/api/v1/scans/3","method":"GET","error":"An exception occurred while executing a query: SQLSTATE[42S22]: Column not found: 1054 Unknown column 'sr.algorithm_version' in 'field list'"} []
[2026-03-08T11:39:56.758738+00:00] workeddy.ERROR: request_failed {"path":"/api/v1/internal/worker/jobs/next","method":"POST","error":"syntax error, unexpected fully qualified name \"\\Repositories\", expecting \"{\""} []
[2026-03-08T11:39:58.917356+00:00] workeddy.ERROR: request_failed {"path":"/api/v1/internal/worker/jobs/next","method":"POST","error":"syntax error, unexpected fully qualified name \"\\Repositories\", expecting \"{\""} []
[2026-03-08T11:40:01.200781+00:00] workeddy.ERROR: request_failed {"path":"/api/v1/internal/worker/jobs/next","method":"POST","error":"syntax error, unexpected fully qualified name \"\\Repositories\", expecting \"{\""} []
[2026-03-08T11:40:03.248336+00:00] workeddy.ERROR: request_failed {"path":"/api/v1/internal/worker/jobs/next","method":"POST","error":"syntax error, unexpected fully qualified name \"\\Repositories\", expecting \"{\""} []
[2026-03-08T11:40:05.415676+00:00] workeddy.ERROR: request_failed {"path":"/api/v1/internal/worker/jobs/next","method":"POST","error":"syntax error, unexpected fully qualified name \"\\Repositories\", expecting \"{\""} []
[2026-03-08T11:40:07.991383+00:00] workeddy.ERROR: request_failed {"path":"/api/v1/internal/worker/jobs/next","method":"POST","error":"syntax error, unexpected fully qualified name \"\\Repositories\", expecting \"{\""} []
[2026-03-08T11:40:10.232115+00:00] workeddy.ERROR: request_failed {"path":"/api/v1/internal/worker/jobs/next","method":"POST","error":"syntax error, unexpected fully qualified name \"\\Repositories\", expecting \"{\""} []
[2026-03-08T11:40:12.356015+00:00] workeddy.ERROR: request_failed {"path":"/api/v1/internal/worker/jobs/next","method":"POST","error":"syntax error, unexpected fully qualified name \"\\Repositories\", expecting \"{\""} []
[2026-03-08T11:40:14.792420+00:00] workeddy.ERROR: request_failed {"path":"/api/v1/internal/worker/jobs/next","method":"POST","error":"syntax error, unexpected fully qualified name \"\\Repositories\", expecting \"{\""} []
[2026-03-08T11:40:17.803694+00:00] workeddy.ERROR: request_failed {"path":"/api/v1/internal/worker/jobs/next","method":"POST","error":"syntax error, unexpected fully qualified name \"\\Repositories\", expecting \"{\""} []
[2026-03-08T11:40:20.955756+00:00] workeddy.ERROR: request_failed {"path":"/api/v1/internal/worker/jobs/next","method":"POST","error":"syntax error, unexpected fully qualified name \"\\Repositories\", expecting \"{\""} []
[2026-03-08T11:40:23.791995+00:00] workeddy.ERROR: request_failed {"path":"/api/v1/internal/worker/jobs/next","method":"POST","error":"syntax error, unexpected fully qualified name \"\\Repositories\", expecting \"{\""} []
[2026-03-08T11:40:26.356772+00:00] workeddy.ERROR: request_failed {"path":"/api/v1/internal/worker/jobs/next","method":"POST","error":"syntax error, unexpected fully qualified name \"\\Repositories\", expecting \"{\""} []
[2026-03-08T11:40:28.527694+00:00] workeddy.ERROR: request_failed {"path":"/api/v1/internal/worker/jobs/next","method":"POST","error":"syntax error, unexpected fully qualified name \"\\Repositories\", expecting \"{\""} []
[2026-03-08T11:40:30.663548+00:00] workeddy.ERROR: request_failed {"path":"/api/v1/internal/worker/jobs/next","method":"POST","error":"syntax error, unexpected fully qualified name \"\\Repositories\", expecting \"{\""} []
[2026-03-08T11:40:32.894486+00:00] workeddy.ERROR: request_failed {"path":"/api/v1/internal/worker/jobs/next","method":"POST","error":"syntax error, unexpected fully qualified name \"\\Repositories\", expecting \"{\""} []
[2026-03-08T11:40:35.094967+00:00] workeddy.ERROR: request_failed {"path":"/api/v1/internal/worker/jobs/next","method":"POST","error":"syntax error, unexpected fully qualified name \"\\Repositories\", expecting \"{\""} []
[2026-03-08T11:40:37.279972+00:00] workeddy.ERROR: request_failed {"path":"/api/v1/internal/worker/jobs/next","method":"POST","error":"syntax error, unexpected fully qualified name \"\\Repositories\", expecting \"{\""} []
[2026-03-08T11:40:40.239654+00:00] workeddy.ERROR: request_failed {"path":"/api/v1/internal/worker/jobs/next","method":"POST","error":"syntax error, unexpected fully qualified name \"\\Repositories\", expecting \"{\""} []
[2026-03-08T11:40:43.788953+00:00] workeddy.ERROR: request_failed {"path":"/api/v1/internal/worker/jobs/next","method":"POST","error":"syntax error, unexpected fully qualified name \"\\Repositories\", expecting \"{\""} []
[2026-03-08T11:40:47.353778+00:00] workeddy.ERROR: request_failed {"path":"/api/v1/internal/worker/jobs/next","method":"POST","error":"syntax error, unexpected fully qualified name \"\\Repositories\", expecting \"{\""} []
[2026-03-08T11:40:50.858766+00:00] workeddy.ERROR: request_failed {"path":"/api/v1/internal/worker/jobs/next","method":"POST","error":"syntax error, unexpected fully qualified name \"\\Repositories\", expecting \"{\""} []
[2026-03-08T11:40:54.465465+00:00] workeddy.ERROR: request_failed {"path":"/api/v1/internal/worker/jobs/next","method":"POST","error":"syntax error, unexpected fully qualified name \"\\Repositories\", expecting \"{\""} []
[2026-03-08T11:40:59.047344+00:00] workeddy.ERROR: request_failed {"path":"/api/v1/internal/worker/jobs/next","method":"POST","error":"syntax error, unexpected fully qualified name \"\\Repositories\", expecting \"{\""} []
[2026-03-08T11:41:03.479789+00:00] workeddy.ERROR: request_failed {"path":"/api/v1/internal/worker/jobs/next","method":"POST","error":"syntax error, unexpected fully qualified name \"\\Repositories\", expecting \"{\""} []
[2026-03-08T11:41:07.605930+00:00] workeddy.ERROR: request_failed {"path":"/api/v1/internal/worker/jobs/next","method":"POST","error":"syntax error, unexpected fully qualified name \"\\Repositories\", expecting \"{\""} []
[2026-03-08T11:41:12.421653+00:00] workeddy.ERROR: request_failed {"path":"/api/v1/internal/worker/jobs/next","method":"POST","error":"syntax error, unexpected fully qualified name \"\\Repositories\", expecting \"{\""} []
[2026-03-08T11:41:16.595333+00:00] workeddy.ERROR: request_failed {"path":"/api/v1/internal/worker/jobs/next","method":"POST","error":"syntax error, unexpected fully qualified name \"\\Repositories\", expecting \"{\""} []
[2026-03-08T11:41:19.602099+00:00] workeddy.ERROR: request_failed {"path":"/api/v1/internal/worker/jobs/next","method":"POST","error":"syntax error, unexpected fully qualified name \"\\Repositories\", expecting \"{\""} []
[2026-03-08T11:41:21.819769+00:00] workeddy.ERROR: request_failed {"path":"/api/v1/internal/worker/jobs/next","method":"POST","error":"syntax error, unexpected fully qualified name \"\\Repositories\", expecting \"{\""} []
[2026-03-08T11:41:23.958394+00:00] workeddy.ERROR: request_failed {"path":"/api/v1/internal/worker/jobs/next","method":"POST","error":"syntax error, unexpected fully qualified name \"\\Repositories\", expecting \"{\""} []
[2026-03-08T11:41:26.004559+00:00] workeddy.ERROR: request_failed {"path":"/api/v1/internal/worker/jobs/next","method":"POST","error":"syntax error, unexpected fully qualified name \"\\Repositories\", expecting \"{\""} []
[2026-03-08T11:41:28.056318+00:00] workeddy.ERROR: request_failed {"path":"/api/v1/internal/worker/jobs/next","method":"POST","error":"syntax error, unexpected fully qualified name \"\\Repositories\", expecting \"{\""} []
[2026-03-08T11:41:30.190226+00:00] workeddy.ERROR: request_failed {"path":"/api/v1/internal/worker/jobs/next","method":"POST","error":"syntax error, unexpected fully qualified name \"\\Repositories\", expecting \"{\""} []
[2026-03-08T11:41:33.192431+00:00] workeddy.ERROR: request_failed {"path":"/api/v1/internal/worker/jobs/next","method":"POST","error":"syntax error, unexpected fully qualified name \"\\Repositories\", expecting \"{\""} []
[2026-03-08T11:41:37.613010+00:00] workeddy.ERROR: request_failed {"path":"/api/v1/internal/worker/jobs/next","method":"POST","error":"syntax error, unexpected fully qualified name \"\\Repositories\", expecting \"{\""} []
[2026-03-08T11:41:42.665164+00:00] workeddy.ERROR: request_failed {"path":"/api/v1/internal/worker/jobs/next","method":"POST","error":"syntax error, unexpected fully qualified name \"\\Repositories\", expecting \"{\""} []
[2026-03-08T11:41:48.496916+00:00] workeddy.ERROR: request_failed {"path":"/api/v1/internal/worker/jobs/next","method":"POST","error":"syntax error, unexpected fully qualified name \"\\Repositories\", expecting \"{\""} []
[2026-03-08T11:41:53.899907+00:00] workeddy.ERROR: request_failed {"path":"/api/v1/internal/worker/jobs/next","method":"POST","error":"syntax error, unexpected fully qualified name \"\\Repositories\", expecting \"{\""} []
[2026-03-08T13:02:46.398522+00:00] workeddy.ERROR: request_failed {"path":"/api/v1/auth/login","method":"POST","error":"Invalid credentials"} []
[2026-03-08T13:04:42.746617+00:00] workeddy.ERROR: request_failed {"path":"/api/v1/org/subscription","method":"GET","error":"Call to undefined function WorkEddy\\Services\\cal_days_in_month()"} []
[2026-03-08T13:20:37.023905+00:00] workeddy.ERROR: request_failed {"path":"/api/v1/scans/3/compare","method":"GET","error":"This scan has no parent scan to compare against"} []
[2026-03-08T13:20:53.903143+00:00] workeddy.ERROR: request_failed {"path":"/api/v1/scans/3/compare","method":"GET","error":"This scan has no parent scan to compare against"} []
[2026-03-08T13:25:16.460957+00:00] workeddy.ERROR: request_failed {"path":"/api/v1/org/subscription","method":"GET","error":"Call to undefined function WorkEddy\\Services\\cal_days_in_month()"} []
[2026-03-08T13:25:16.471377+00:00] workeddy.ERROR: request_failed {"path":"/api/v1/billing/invoices","method":"GET","error":"Call to undefined function WorkEddy\\Services\\cal_days_in_month()"} []
[2026-03-08T13:26:06.327160+00:00] workeddy.ERROR: request_failed {"path":"/api/v1/billing/invoices","method":"GET","error":"Call to undefined function WorkEddy\\Services\\cal_days_in_month()"} []
[2026-03-08T13:26:06.628233+00:00] workeddy.ERROR: request_failed {"path":"/api/v1/org/subscription","method":"GET","error":"Call to undefined function WorkEddy\\Services\\cal_days_in_month()"} []
[2026-03-08T13:27:04.643902+00:00] workeddy.ERROR: request_failed {"path":"/api/v1/billing/invoices","method":"GET","error":"Call to undefined function WorkEddy\\Services\\cal_days_in_month()"} []
[2026-03-08T13:27:04.642262+00:00] workeddy.ERROR: request_failed {"path":"/api/v1/org/subscription","method":"GET","error":"Call to undefined function WorkEddy\\Services\\cal_days_in_month()"} []
[2026-03-08T13:27:07.785993+00:00] workeddy.ERROR: request_failed {"path":"/api/v1/org/subscription","method":"GET","error":"Call to undefined function WorkEddy\\Services\\cal_days_in_month()"} []
[2026-03-08T13:27:07.895843+00:00] workeddy.ERROR: request_failed {"path":"/api/v1/billing/invoices","method":"GET","error":"Call to undefined function WorkEddy\\Services\\cal_days_in_month()"} []
[2026-03-08T13:27:19.752613+00:00] workeddy.ERROR: request_failed {"path":"/api/v1/org/subscription","method":"GET","error":"Call to undefined function WorkEddy\\Services\\cal_days_in_month()"} []
[2026-03-08T13:27:19.858787+00:00] workeddy.ERROR: request_failed {"path":"/api/v1/billing/invoices","method":"GET","error":"Call to undefined function WorkEddy\\Services\\cal_days_in_month()"} []
[2026-03-08T13:29:24.436556+00:00] workeddy.ERROR: request_failed {"path":"/api/v1/billing/invoices","method":"GET","error":"Call to undefined function WorkEddy\\Services\\cal_days_in_month()"} []
[2026-03-08T13:29:26.169414+00:00] workeddy.ERROR: request_failed {"path":"/api/v1/org/subscription","method":"GET","error":"Call to undefined function WorkEddy\\Services\\cal_days_in_month()"} []
[2026-03-08T13:31:08.296379+00:00] workeddy.ERROR: request_failed {"path":"/api/v1/org/subscription","method":"GET","error":"Call to undefined function WorkEddy\\Services\\cal_days_in_month()"} []
[2026-03-08T13:31:08.406211+00:00] workeddy.ERROR: request_failed {"path":"/api/v1/billing/invoices","method":"GET","error":"Call to undefined function WorkEddy\\Services\\cal_days_in_month()"} []
[2026-03-08T13:33:41.661804+00:00] workeddy.ERROR: request_failed {"path":"/api/v1/scans/manual","method":"POST","error":"An exception occurred while executing a query: SQLSTATE[42S02]: Base table or view not found: 1146 Table 'workeddy.usage_reservations' doesn't exist"} []
[2026-03-08T13:48:56.577934+00:00] workeddy.ERROR: request_failed {"path":"/api/v1/org/members/2","method":"PUT","error":"Forbidden: insufficient role"} []
[2026-03-08T13:49:19.153591+00:00] workeddy.ERROR: request_failed {"path":"/api/v1/org/settings","method":"PUT","error":"Forbidden: insufficient role"} []
[2026-03-08T13:55:55.588212+00:00] workeddy.ERROR: request_failed {"path":"/api/v1/auth/signup","method":"POST","error":"Email already registered"} []
[2026-03-08T14:06:34.475831+00:00] workeddy.ERROR: request_failed {"path":"/api/v1/admin/plans","method":"GET","error":"Forbidden: insufficient role"} []
[2026-03-09T08:18:16.685682+00:00] workeddy.ERROR: request_failed {"path":"/api/v1/scans/4/compare","method":"GET","error":"This scan has no parent scan to compare against"} []
[2026-03-09T08:18:23.758286+00:00] workeddy.ERROR: request_failed {"path":"/api/v1/scans/3/compare","method":"GET","error":"This scan has no parent scan to compare against"} []
[2026-03-09T08:18:30.949670+00:00] workeddy.ERROR: request_failed {"path":"/api/v1/scans/2/compare","method":"GET","error":"This scan has no parent scan to compare against"} []
[2026-03-09T10:52:21.155278+00:00] workeddy.ERROR: request_failed {"path":"/api/v1/auth/login","method":"POST","error":"Invalid credentials"} []
